nohup: ignoring input
=== 02:01:12 dataset_collected/tortuga1/tortuga1_20260715_204436/ ===
=== 02:01:12 dataset_collected/tortuga1/tortuga1_20260715_212304/ ===
=== 02:01:12 dataset_collected/tortuga1/tortuga1_20260716_175709/ ===
=== 02:01:12 dataset_collected/tortuga1/tortuga1_20260716_185851/ ===
  video: tortuga1_20260715_204436/tortuga1_20260715_204436_final.mp4
Termine.
=== 02:03:41 dataset_collected/tortuga1/tortuga1_20260717_181535/ ===
  video: tortuga1_20260716_175709/tortuga1_20260716_175709_final.mp4
Termine.
=== 02:03:55 dataset_collected/tortuga1/tortuga1_20260717_201012/ ===
  video: tortuga1_20260717_201012/tortuga1_20260717_201012_final.mp4
Termine.
=== 02:04:03 dataset_collected/tortuga1/tortuga1_20260717_202122/ ===
  video: tortuga1_20260717_202122/tortuga1_20260717_202122_final.mp4
Termine.
=== 02:05:15 dataset_collected/tortuga1/tortuga1_20260717_202522/ ===
  video: tortuga1_20260717_202522/tortuga1_20260717_202522_final.mp4
Termine.
=== 02:06:06 dataset_collected/tortuga2/tortuga2_20260715_212314/ ===
  video: tortuga1_20260716_185851/tortuga1_20260716_185851_final.mp4
Termine.
=== 02:08:38 dataset_collected/tortuga2/tortuga2_20260716_184848/ ===
  video: tortuga2_20260716_184848/tortuga2_20260716_184848_final.mp4
Termine.
=== 02:08:56 dataset_collected/tortuga2/tortuga2_20260716_190132/ ===
  video: tortuga2_20260715_212314/tortuga2_20260715_212314_final.mp4
Termine.
=== 02:14:08 dataset_collected/tortuga2/tortuga2_20260716_210556/ ===
  video: tortuga2_20260716_190132/tortuga2_20260716_190132_final.mp4
Termine.
=== 02:20:36 dataset_collected/tortuga2/tortuga2_20260717_181230/ ===
  video: tortuga1_20260717_181535/tortuga1_20260717_181535_final.mp4
Termine.
=== 02:21:54 dataset_collected/tortuga2/tortuga2_20260717_201017/ ===
  video: tortuga1_20260715_212304/tortuga1_20260715_212304_final.mp4
Termine.
=== 02:23:06 dataset_collected/tortuga3/tortuga3_20260715_212323/ ===
  video: tortuga3_20260715_212323/tortuga3_20260715_212323_final.mp4
Termine.
=== 02:26:29 dataset_collected/tortuga3/tortuga3_20260715_212502/ ===
  video: tortuga3_20260715_212502/tortuga3_20260715_212502_final.mp4
Termine.
=== 02:29:59 dataset_collected/tortuga3/tortuga3_20260716_185855/ ===
  video: tortuga2_20260716_210556/tortuga2_20260716_210556_final.mp4
Termine.
=== 02:30:49 dataset_collected/tortuga3/tortuga3_20260716_212509/ ===
  video: tortuga2_20260717_201017/tortuga2_20260717_201017_final.mp4
Termine.
=== 02:32:15 dataset_collected/tortuga3/tortuga3_20260717_184313/ ===
  video: tortuga3_20260717_184313/tortuga3_20260717_184313_final.mp4
Termine.
=== 02:35:36 dataset_collected/tortuga3/tortuga3_20260717_201021/ ===
  video: tortuga3_20260716_212509/tortuga3_20260716_212509_final.mp4
Termine.
=== 02:37:49 dataset_collected/tortuga4/tortuga4_20260715_212333/ ===
  video: tortuga2_20260717_181230/tortuga2_20260717_181230_final.mp4
Termine.
=== 02:42:44 dataset_collected/tortuga4/tortuga4_20260716_190203/ ===
  video: tortuga3_20260717_201021/tortuga3_20260717_201021_final.mp4
Termine.
=== 02:47:26 dataset_collected/tortuga4/tortuga4_20260716_211238/ ===
  video: tortuga4_20260716_190203/tortuga4_20260716_190203_final.mp4
Termine.
=== 02:48:25 dataset_collected/tortuga4/tortuga4_20260717_181724/ ===
  video: tortuga3_20260716_185855/tortuga3_20260716_185855_final.mp4
Termine.
  video: tortuga4_20260715_212333/tortuga4_20260715_212333_final.mp4
Termine.
  video: tortuga4_20260716_211238/tortuga4_20260716_211238_final.mp4
Termine.
  video: tortuga4_20260717_181724/tortuga4_20260717_181724_final.mp4
Termine.
=== TERMINE Sun Jul 19 02:58:17 CEST 2026 ===
